<?xml version="1.0" encoding="UTF-8"?>
<!-- Generated by org.testng.reporters.JUnitReportReporter -->
<testsuite hostname="LAPTOP-00HTMRBB" failures="0" tests="2" name="test_pack.Demo1" time="0.046" errors="0" timestamp="2022-07-16T21:43:25 IST" skipped="0">
  <testcase classname="test_pack.Demo1" name="test2" time="0.027"/>
  <system-out/>
  <testcase classname="test_pack.Demo1" name="test1" time="0.019"/>
  <system-out/>
</testsuite> <!-- test_pack.Demo1 -->
