<?xml version="1.0" encoding="UTF-8"?>
<!-- Generated by org.testng.reporters.JUnitReportReporter -->
<testsuite hostname="LAPTOP-00HTMRBB" failures="0" tests="1" name="test_pack.TestclasswithTestNG" time="11.020" errors="0" timestamp="2022-07-15T15:41:53 IST" skipped="0">
  <testcase classname="test_pack.TestclasswithTestNG" name="ValidateHomePage" time="11.020"/>
  <system-out/>
</testsuite> <!-- test_pack.TestclasswithTestNG -->
