<?xml version="1.0" encoding="UTF-8"?>
<!-- Generated by org.testng.reporters.JUnitReportReporter -->
<testsuite hostname="LAPTOP-00HTMRBB" failures="0" tests="2" name="test_pack.Demo2" time="0.112" errors="0" timestamp="2022-07-16T21:43:25 IST" skipped="0">
  <testcase classname="test_pack.Demo2" name="test2" time="0.076"/>
  <system-out/>
  <testcase classname="test_pack.Demo2" name="test1" time="0.036"/>
  <system-out/>
</testsuite> <!-- test_pack.Demo2 -->
